<?xml version="1.0" encoding="UTF-8"?>
<!-- Generated by org.testng.reporters.JUnitXMLReporter -->
<testsuite ignored="0" hostname="LT-59" failures="0" tests="3" name="Default test" time="332.583" errors="0" timestamp="11 Sep 2018 12:30:12 GMT">
  <testcase classname="co.formfox.mcp.order.Order" name="orderPage1" time="312.309"/>
  <testcase classname="co.formfox.mcp.order.Order" name="orderPage2" time="0.004"/>
  <testcase classname="co.formfox.mcp.order.Order" name="orderPage3" time="0.005"/>
</testsuite> <!-- Default test -->
