<?xml version="1.0" encoding="UTF-8"?>
<testng-results ignored="0" total="2" passed="2" failed="0" skipped="0">
  <reporter-output>
  </reporter-output>
  <suite started-at="2018-09-10T13:37:21Z" name="Default suite" finished-at="2018-09-10T13:38:07Z" duration-ms="46109">
    <groups>
    </groups>
    <test started-at="2018-09-10T13:37:21Z" name="Default test" finished-at="2018-09-10T13:38:07Z" duration-ms="46109">
      <class name="co.formfox.mcp.order.LoginAndLogout">
        <test-method is-config="true" signature="beforeEeveyTest()[pri:0, instance:co.formfox.mcp.order.LoginAndLogout@729d991e]" started-at="2018-09-10T13:37:21Z" name="beforeEeveyTest" finished-at="2018-09-10T13:37:25Z" duration-ms="4761" status="PASS">
          <reporter-output>
          </reporter-output>
        </test-method> <!-- beforeEeveyTest -->
        <test-method is-config="true" signature="beforeClass()[pri:0, instance:co.formfox.mcp.order.LoginAndLogout@729d991e]" started-at="2018-09-10T13:37:26Z" name="beforeClass" finished-at="2018-09-10T13:38:02Z" duration-ms="36848" status="PASS">
          <reporter-output>
          </reporter-output>
        </test-method> <!-- beforeClass -->
        <test-method is-config="true" signature="beforeMethods()[pri:0, instance:co.formfox.mcp.order.LoginAndLogout@729d991e]" started-at="2018-09-10T13:38:02Z" name="beforeMethods" finished-at="2018-09-10T13:38:02Z" duration-ms="0" status="PASS">
          <reporter-output>
          </reporter-output>
        </test-method> <!-- beforeMethods -->
        <test-method signature="testLoginFunctionality()[pri:1, instance:co.formfox.mcp.order.LoginAndLogout@729d991e]" started-at="2018-09-10T13:38:02Z" name="testLoginFunctionality" finished-at="2018-09-10T13:38:06Z" duration-ms="3408" status="PASS">
          <reporter-output>
          </reporter-output>
        </test-method> <!-- testLoginFunctionality -->
        <test-method is-config="true" signature="afterMethod()[pri:0, instance:co.formfox.mcp.order.LoginAndLogout@729d991e]" started-at="2018-09-10T13:38:06Z" name="afterMethod" finished-at="2018-09-10T13:38:06Z" duration-ms="0" status="PASS">
          <reporter-output>
          </reporter-output>
        </test-method> <!-- afterMethod -->
        <test-method is-config="true" signature="beforeMethods()[pri:0, instance:co.formfox.mcp.order.LoginAndLogout@729d991e]" started-at="2018-09-10T13:38:06Z" name="beforeMethods" finished-at="2018-09-10T13:38:06Z" duration-ms="1" status="PASS">
          <reporter-output>
          </reporter-output>
        </test-method> <!-- beforeMethods -->
        <test-method signature="testLogoutFunctionality()[pri:2, instance:co.formfox.mcp.order.LoginAndLogout@729d991e]" started-at="2018-09-10T13:38:06Z" name="testLogoutFunctionality" finished-at="2018-09-10T13:38:06Z" duration-ms="185" status="PASS">
          <reporter-output>
          </reporter-output>
        </test-method> <!-- testLogoutFunctionality -->
        <test-method is-config="true" signature="afterMethod()[pri:0, instance:co.formfox.mcp.order.LoginAndLogout@729d991e]" started-at="2018-09-10T13:38:06Z" name="afterMethod" finished-at="2018-09-10T13:38:06Z" duration-ms="3" status="PASS">
          <reporter-output>
          </reporter-output>
        </test-method> <!-- afterMethod -->
        <test-method is-config="true" signature="afterClass()[pri:0, instance:co.formfox.mcp.order.LoginAndLogout@729d991e]" started-at="2018-09-10T13:38:06Z" name="afterClass" finished-at="2018-09-10T13:38:06Z" duration-ms="68" status="PASS">
          <reporter-output>
          </reporter-output>
        </test-method> <!-- afterClass -->
        <test-method is-config="true" signature="afterAllTest()[pri:0, instance:co.formfox.mcp.order.LoginAndLogout@729d991e]" started-at="2018-09-10T13:38:06Z" name="afterAllTest" finished-at="2018-09-10T13:38:07Z" duration-ms="791" status="PASS">
          <reporter-output>
          </reporter-output>
        </test-method> <!-- afterAllTest -->
      </class> <!-- co.formfox.mcp.order.LoginAndLogout -->
    </test> <!-- Default test -->
  </suite> <!-- Default suite -->
</testng-results>
