<?xml version="1.0" encoding="UTF-8"?>
<testng-results ignored="0" total="3" passed="3" failed="0" skipped="0">
  <reporter-output>
  </reporter-output>
  <suite started-at="2018-09-21T09:23:03Z" name="TestNG" finished-at="2018-09-21T09:28:47Z" duration-ms="343887">
    <groups>
    </groups>
    <test started-at="2018-09-21T09:23:03Z" name="Order" finished-at="2018-09-21T09:28:47Z" duration-ms="343887">
      <class name="co.formfox.mcp.testCases.OrderTestCase">
        <test-method is-config="true" signature="beforeEeveyTest()[pri:0, instance:co.formfox.mcp.testCases.OrderTestCase@5ac86ba5]" started-at="2018-09-21T09:23:03Z" name="beforeEeveyTest" finished-at="2018-09-21T09:27:25Z" duration-ms="261800" status="PASS">
          <reporter-output>
          </reporter-output>
        </test-method> <!-- beforeEeveyTest -->
        <test-method is-config="true" signature="beforeClass()[pri:0, instance:co.formfox.mcp.testCases.OrderTestCase@5ac86ba5]" started-at="2018-09-21T09:27:25Z" name="beforeClass" finished-at="2018-09-21T09:27:25Z" duration-ms="0" status="PASS">
          <reporter-output>
          </reporter-output>
        </test-method> <!-- beforeClass -->
        <test-method signature="orderPage1()[pri:0, instance:co.formfox.mcp.testCases.OrderTestCase@5ac86ba5]" started-at="2018-09-21T09:27:25Z" name="orderPage1" finished-at="2018-09-21T09:28:43Z" duration-ms="77878" status="PASS">
          <reporter-output>
          </reporter-output>
        </test-method> <!-- orderPage1 -->
        <test-method signature="orderPage2()[pri:0, instance:co.formfox.mcp.testCases.OrderTestCase@5ac86ba5]" started-at="2018-09-21T09:28:43Z" name="orderPage2" finished-at="2018-09-21T09:28:43Z" depends-on-methods="co.formfox.mcp.testCases.OrderTestCase.orderPage1" duration-ms="4" status="PASS">
          <reporter-output>
          </reporter-output>
        </test-method> <!-- orderPage2 -->
        <test-method signature="orderPage3()[pri:0, instance:co.formfox.mcp.testCases.OrderTestCase@5ac86ba5]" started-at="2018-09-21T09:28:43Z" name="orderPage3" finished-at="2018-09-21T09:28:43Z" depends-on-methods="co.formfox.mcp.testCases.OrderTestCase.orderPage2" duration-ms="8" status="PASS">
          <reporter-output>
          </reporter-output>
        </test-method> <!-- orderPage3 -->
        <test-method is-config="true" signature="afterClass()[pri:0, instance:co.formfox.mcp.testCases.OrderTestCase@5ac86ba5]" started-at="2018-09-21T09:28:43Z" name="afterClass" finished-at="2018-09-21T09:28:45Z" duration-ms="1924" status="PASS">
          <reporter-output>
          </reporter-output>
        </test-method> <!-- afterClass -->
        <test-method is-config="true" signature="afterAllTest()[pri:0, instance:co.formfox.mcp.testCases.OrderTestCase@5ac86ba5]" started-at="2018-09-21T09:28:45Z" name="afterAllTest" finished-at="2018-09-21T09:28:47Z" duration-ms="2229" status="PASS">
          <reporter-output>
          </reporter-output>
        </test-method> <!-- afterAllTest -->
      </class> <!-- co.formfox.mcp.testCases.OrderTestCase -->
    </test> <!-- Order -->
  </suite> <!-- TestNG -->
</testng-results>
