<?xml version="1.0" encoding="UTF-8"?>
<testng-results ignored="0" total="5" passed="4" failed="1" skipped="0">
  <reporter-output>
  </reporter-output>
  <suite started-at="2018-11-28T15:29:05Z" name="TestNG" finished-at="2018-11-28T15:30:07Z" duration-ms="62094">
    <groups>
    </groups>
    <test started-at="2018-11-28T15:29:05Z" name="Login" finished-at="2018-11-28T15:29:29Z" duration-ms="24065">
      <class name="co.formfox.mcp.testCases.LoginCase">
        <test-method signature="login()[pri:0, instance:co.formfox.mcp.testCases.LoginCase@76c7beb3]" started-at="2018-11-28T15:29:05Z" name="login" finished-at="2018-11-28T15:29:29Z" duration-ms="24016" status="PASS">
          <reporter-output>
          </reporter-output>
        </test-method> <!-- login -->
      </class> <!-- co.formfox.mcp.testCases.LoginCase -->
    </test> <!-- Login -->
    <test started-at="2018-11-28T15:29:29Z" name="Order" finished-at="2018-11-28T15:29:29Z" duration-ms="0">
      <class name="co.formfox.mcp.testCases.OrderTestCase">
        <test-method signature="orderPage()[pri:0, instance:co.formfox.mcp.testCases.OrderTestCase@29a60c27]" started-at="2018-11-28T15:29:29Z" name="orderPage" finished-at="2018-11-28T15:29:29Z" duration-ms="0" status="PASS">
          <reporter-output>
          </reporter-output>
        </test-method> <!-- orderPage -->
      </class> <!-- co.formfox.mcp.testCases.OrderTestCase -->
    </test> <!-- Order -->
    <test started-at="2018-11-28T15:29:29Z" name="Tracking" finished-at="2018-11-28T15:30:01Z" duration-ms="31321">
      <class name="co.formfox.mcp.testCases.TrackingCase">
        <test-method signature="Tracking()[pri:0, instance:co.formfox.mcp.testCases.TrackingCase@6a988392]" started-at="2018-11-28T15:29:29Z" name="Tracking" finished-at="2018-11-28T15:30:01Z" duration-ms="31319" status="PASS">
          <reporter-output>
          </reporter-output>
        </test-method> <!-- Tracking -->
      </class> <!-- co.formfox.mcp.testCases.TrackingCase -->
    </test> <!-- Tracking -->
    <test started-at="2018-11-28T15:30:01Z" name="Logout" finished-at="2018-11-28T15:30:07Z" duration-ms="6338">
      <class name="co.formfox.mcp.testCases.LogoutCase">
        <test-method signature="logout()[pri:0, instance:co.formfox.mcp.testCases.LogoutCase@2b62442c]" started-at="2018-11-28T15:30:01Z" name="logout" finished-at="2018-11-28T15:30:06Z" duration-ms="5389" status="PASS">
          <reporter-output>
          </reporter-output>
        </test-method> <!-- logout -->
        <test-method is-config="true" signature="afterAllTest()[pri:0, instance:co.formfox.mcp.testCases.LogoutCase@2b62442c]" started-at="2018-11-28T15:30:06Z" name="afterAllTest" finished-at="2018-11-28T15:30:07Z" duration-ms="944" status="PASS">
          <reporter-output>
          </reporter-output>
        </test-method> <!-- afterAllTest -->
      </class> <!-- co.formfox.mcp.testCases.LogoutCase -->
    </test> <!-- Logout -->
    <test started-at="2018-11-28T15:30:07Z" name="Navigation Test" finished-at="2018-11-28T15:30:07Z" duration-ms="15">
      <class name="co.formfox.mcp.testCases.AllNavigationCase">
        <test-method signature="testAllNavigation()[pri:0, instance:co.formfox.mcp.testCases.AllNavigationCase@4fcee388]" started-at="2018-11-28T15:30:07Z" name="testAllNavigation" finished-at="2018-11-28T15:30:07Z" duration-ms="0" status="FAIL">
          <exception class="org.openqa.selenium.NoSuchSessionException">
            <message>
              <![CDATA[Session ID is null. Using WebDriver after calling quit()?
Build info: version: '3.9.1', revision: '63f7b50', time: '2018-02-07T22:42:28.403Z'
System info: host: 'LT-59', ip: '192.168.255.51', os.name: 'Windows 8.1', os.arch: 'amd64', os.version: '6.3', java.version: '10.0.1'
Driver info: driver.version: RemoteWebDriver]]>
            </message>
            <full-stacktrace>
              <![CDATA[org.openqa.selenium.NoSuchSessionException: Session ID is null. Using WebDriver after calling quit()?
Build info: version: '3.9.1', revision: '63f7b50', time: '2018-02-07T22:42:28.403Z'
System info: host: 'LT-59', ip: '192.168.255.51', os.name: 'Windows 8.1', os.arch: 'amd64', os.version: '6.3', java.version: '10.0.1'
Driver info: driver.version: RemoteWebDriver
at org.openqa.selenium.remote.HttpCommandExecutor.execute(HttpCommandExecutor.java:127)
at org.openqa.selenium.remote.service.DriverCommandExecutor.execute(DriverCommandExecutor.java:83)
at org.openqa.selenium.remote.RemoteWebDriver.execute(RemoteWebDriver.java:601)
at org.openqa.selenium.remote.RemoteWebDriver.findElement(RemoteWebDriver.java:371)
at org.openqa.selenium.remote.RemoteWebDriver.findElementByXPath(RemoteWebDriver.java:473)
at org.openqa.selenium.By$ByXPath.findElement(By.java:361)
at org.openqa.selenium.remote.RemoteWebDriver.findElement(RemoteWebDriver.java:363)
at co.formfox.mcp.events.events.clickOnElementByXpath(events.java:17)
at co.formfox.mcp.events.navigationEvent.navigationPageEvent(navigationEvent.java:54)
at co.formfox.mcp.testCases.AllNavigationCase.testAllNavigation(AllNavigationCase.java:13)
at java.base/jdk.internal.reflect.NativeMethodAccessorImpl.invoke0(Native Method)
at java.base/jdk.internal.reflect.NativeMethodAccessorImpl.invoke(Unknown Source)
at java.base/jdk.internal.reflect.DelegatingMethodAccessorImpl.invoke(Unknown Source)
at java.base/java.lang.reflect.Method.invoke(Unknown Source)
at org.testng.internal.MethodInvocationHelper.invokeMethod(MethodInvocationHelper.java:124)
at org.testng.internal.Invoker.invokeMethod(Invoker.java:580)
at org.testng.internal.Invoker.invokeTestMethod(Invoker.java:716)
at org.testng.internal.Invoker.invokeTestMethods(Invoker.java:988)
at org.testng.internal.TestMethodWorker.invokeTestMethods(TestMethodWorker.java:125)
at org.testng.internal.TestMethodWorker.run(TestMethodWorker.java:109)
at org.testng.TestRunner.privateRun(TestRunner.java:648)
at org.testng.TestRunner.run(TestRunner.java:505)
at org.testng.SuiteRunner.runTest(SuiteRunner.java:455)
at org.testng.SuiteRunner.runSequentially(SuiteRunner.java:450)
at org.testng.SuiteRunner.privateRun(SuiteRunner.java:415)
at org.testng.SuiteRunner.run(SuiteRunner.java:364)
at org.testng.SuiteRunnerWorker.runSuite(SuiteRunnerWorker.java:52)
at org.testng.SuiteRunnerWorker.run(SuiteRunnerWorker.java:84)
at org.testng.TestNG.runSuitesSequentially(TestNG.java:1208)
at org.testng.TestNG.runSuitesLocally(TestNG.java:1137)
at org.testng.TestNG.runSuites(TestNG.java:1049)
at org.testng.TestNG.run(TestNG.java:1017)
at org.testng.remote.AbstractRemoteTestNG.run(AbstractRemoteTestNG.java:114)
at org.testng.remote.RemoteTestNG.initAndRun(RemoteTestNG.java:251)
at org.testng.remote.RemoteTestNG.main(RemoteTestNG.java:77)
]]>
            </full-stacktrace>
          </exception> <!-- org.openqa.selenium.NoSuchSessionException -->
          <reporter-output>
          </reporter-output>
        </test-method> <!-- testAllNavigation -->
      </class> <!-- co.formfox.mcp.testCases.AllNavigationCase -->
    </test> <!-- Navigation Test -->
  </suite> <!-- TestNG -->
</testng-results>
