<?xml version="1.0" encoding="UTF-8"?>
<testng-results ignored="0" total="4" passed="4" failed="0" skipped="0">
  <reporter-output>
  </reporter-output>
  <suite started-at="2018-11-26T15:53:56Z" name="TestNG" finished-at="2018-11-26T15:55:01Z" duration-ms="65348">
    <groups>
    </groups>
    <test started-at="2018-11-26T15:53:56Z" name="Login" finished-at="2018-11-26T15:54:22Z" duration-ms="25719">
      <class name="co.formfox.mcp.testCases.LoginCase">
        <test-method signature="login()[pri:0, instance:co.formfox.mcp.testCases.LoginCase@5d465e4b]" started-at="2018-11-26T15:53:56Z" name="login" finished-at="2018-11-26T15:54:22Z" duration-ms="25680" status="PASS">
          <reporter-output>
          </reporter-output>
        </test-method> <!-- login -->
      </class> <!-- co.formfox.mcp.testCases.LoginCase -->
    </test> <!-- Login -->
    <test started-at="2018-11-26T15:54:22Z" name="Order" finished-at="2018-11-26T15:54:25Z" duration-ms="3020">
      <class name="co.formfox.mcp.testCases.OrderTestCase">
        <test-method signature="orderPage()[pri:0, instance:co.formfox.mcp.testCases.OrderTestCase@6865c751]" started-at="2018-11-26T15:54:22Z" name="orderPage" finished-at="2018-11-26T15:54:25Z" duration-ms="3020" status="PASS">
          <reporter-output>
          </reporter-output>
        </test-method> <!-- orderPage -->
      </class> <!-- co.formfox.mcp.testCases.OrderTestCase -->
    </test> <!-- Order -->
    <test started-at="2018-11-26T15:54:25Z" name="Tracking" finished-at="2018-11-26T15:54:55Z" duration-ms="30170">
      <class name="co.formfox.mcp.testCases.TrackingCase">
        <test-method signature="Tracking()[pri:0, instance:co.formfox.mcp.testCases.TrackingCase@5f3b9c57]" started-at="2018-11-26T15:54:25Z" name="Tracking" finished-at="2018-11-26T15:54:55Z" duration-ms="30168" status="PASS">
          <reporter-output>
          </reporter-output>
        </test-method> <!-- Tracking -->
      </class> <!-- co.formfox.mcp.testCases.TrackingCase -->
    </test> <!-- Tracking -->
    <test started-at="2018-11-26T15:54:55Z" name="Logout" finished-at="2018-11-26T15:55:01Z" duration-ms="6257">
      <class name="co.formfox.mcp.testCases.LogoutCase">
        <test-method signature="logout()[pri:0, instance:co.formfox.mcp.testCases.LogoutCase@1568159]" started-at="2018-11-26T15:54:55Z" name="logout" finished-at="2018-11-26T15:55:00Z" duration-ms="5436" status="PASS">
          <reporter-output>
          </reporter-output>
        </test-method> <!-- logout -->
        <test-method is-config="true" signature="afterAllTest()[pri:0, instance:co.formfox.mcp.testCases.LogoutCase@1568159]" started-at="2018-11-26T15:55:00Z" name="afterAllTest" finished-at="2018-11-26T15:55:01Z" duration-ms="816" status="PASS">
          <reporter-output>
          </reporter-output>
        </test-method> <!-- afterAllTest -->
      </class> <!-- co.formfox.mcp.testCases.LogoutCase -->
    </test> <!-- Logout -->
  </suite> <!-- TestNG -->
</testng-results>
