<?xml version="1.0" encoding="UTF-8"?>
<testng-results ignored="0" total="3" passed="3" failed="0" skipped="0">
  <reporter-output>
  </reporter-output>
  <suite started-at="2018-09-19T09:54:19Z" name="TestNG" finished-at="2018-09-19T09:56:22Z" duration-ms="122527">
    <groups>
    </groups>
    <test started-at="2018-09-19T09:54:19Z" name="Order" finished-at="2018-09-19T09:56:22Z" duration-ms="122527">
      <class name="co.formfox.mcp.testCases.OrderTestCase">
        <test-method is-config="true" signature="beforeEeveyTest()[pri:0, instance:co.formfox.mcp.testCases.OrderTestCase@9cd25ff]" started-at="2018-09-19T09:54:19Z" name="beforeEeveyTest" finished-at="2018-09-19T09:54:43Z" duration-ms="23750" status="PASS">
          <reporter-output>
          </reporter-output>
        </test-method> <!-- beforeEeveyTest -->
        <test-method is-config="true" signature="beforeClass()[pri:0, instance:co.formfox.mcp.testCases.OrderTestCase@9cd25ff]" started-at="2018-09-19T09:54:43Z" name="beforeClass" finished-at="2018-09-19T09:54:43Z" duration-ms="0" status="PASS">
          <reporter-output>
          </reporter-output>
        </test-method> <!-- beforeClass -->
        <test-method signature="orderPage1()[pri:0, instance:co.formfox.mcp.testCases.OrderTestCase@9cd25ff]" started-at="2018-09-19T09:54:43Z" name="orderPage1" finished-at="2018-09-19T09:56:01Z" duration-ms="78268" status="PASS">
          <reporter-output>
          </reporter-output>
        </test-method> <!-- orderPage1 -->
        <test-method signature="orderPage2()[pri:0, instance:co.formfox.mcp.testCases.OrderTestCase@9cd25ff]" started-at="2018-09-19T09:56:12Z" name="orderPage2" finished-at="2018-09-19T09:56:12Z" depends-on-methods="co.formfox.mcp.testCases.OrderTestCase.orderPage1" duration-ms="47" status="PASS">
          <reporter-output>
          </reporter-output>
        </test-method> <!-- orderPage2 -->
        <test-method signature="orderPage3()[pri:0, instance:co.formfox.mcp.testCases.OrderTestCase@9cd25ff]" started-at="2018-09-19T09:56:14Z" name="orderPage3" finished-at="2018-09-19T09:56:14Z" depends-on-methods="co.formfox.mcp.testCases.OrderTestCase.orderPage2" duration-ms="47" status="PASS">
          <reporter-output>
          </reporter-output>
        </test-method> <!-- orderPage3 -->
        <test-method is-config="true" signature="afterClass()[pri:0, instance:co.formfox.mcp.testCases.OrderTestCase@9cd25ff]" started-at="2018-09-19T09:56:14Z" name="afterClass" finished-at="2018-09-19T09:56:17Z" duration-ms="2558" status="PASS">
          <reporter-output>
          </reporter-output>
        </test-method> <!-- afterClass -->
        <test-method is-config="true" signature="afterAllTest()[pri:0, instance:co.formfox.mcp.testCases.OrderTestCase@9cd25ff]" started-at="2018-09-19T09:56:21Z" name="afterAllTest" finished-at="2018-09-19T09:56:22Z" duration-ms="1043" status="PASS">
          <reporter-output>
          </reporter-output>
        </test-method> <!-- afterAllTest -->
      </class> <!-- co.formfox.mcp.testCases.OrderTestCase -->
    </test> <!-- Order -->
  </suite> <!-- TestNG -->
</testng-results>
